<?xml version="1.0" encoding="UTF-8"?>
<testng-results ignored="0" total="1" passed="1" failed="0" skipped="0">
  <reporter-output>
  </reporter-output>
  <suite started-at="2023-09-04T18:20:15 IST" name="Default suite" finished-at="2023-09-04T18:20:21 IST" duration-ms="5594">
    <groups>
    </groups>
    <test started-at="2023-09-04T18:20:15 IST" name="Default test" finished-at="2023-09-04T18:20:21 IST" duration-ms="5594">
      <class name="testpkg.Fbtest">
        <test-method is-config="true" signature="setup()[pri:0, instance:testpkg.Fbtest@3c9754d8]" started-at="2023-09-04T18:20:15 IST" name="setup" finished-at="2023-09-04T18:20:17 IST" duration-ms="1864" status="PASS">
          <reporter-output>
          </reporter-output>
        </test-method> <!-- setup -->
        <test-method is-config="true" signature="url()[pri:0, instance:testpkg.Fbtest@3c9754d8]" started-at="2023-09-04T18:20:17 IST" name="url" finished-at="2023-09-04T18:20:18 IST" duration-ms="917" status="PASS">
          <reporter-output>
          </reporter-output>
        </test-method> <!-- url -->
        <test-method signature="verifyloginWithvalidCred()[pri:0, instance:testpkg.Fbtest@3c9754d8]" started-at="2023-09-04T18:20:18 IST" name="verifyloginWithvalidCred" finished-at="2023-09-04T18:20:21 IST" duration-ms="2788" status="PASS">
          <reporter-output>
          </reporter-output>
        </test-method> <!-- verifyloginWithvalidCred -->
      </class> <!-- testpkg.Fbtest -->
    </test> <!-- Default test -->
  </suite> <!-- Default suite -->
</testng-results>
