<?xml version="1.0" encoding="UTF-8"?>
<!-- Generated by org.testng.reporters.JUnitReportReporter -->
<testsuite hostname="ROG" failures="0" tests="5" name="Pkg.TestingDemo" time="0.029" errors="0" timestamp="2023-08-05T10:35:24 IST" skipped="0">
  <testcase classname="Pkg.TestingDemo" name="test3" time="0.018"/>
  <testcase classname="Pkg.TestingDemo" name="test2" time="0.002"/>
  <testcase classname="Pkg.TestingDemo" name="test2" time="0.004"/>
  <testcase classname="Pkg.TestingDemo" name="test2" time="0.002"/>
  <testcase classname="Pkg.TestingDemo" name="test1" time="0.003"/>
</testsuite> <!-- Pkg.TestingDemo -->
