<?xml version="1.0" encoding="UTF-8"?>
<!-- Generated by org.testng.reporters.JUnitReportReporter -->
<testsuite hostname="ROG" failures="0" tests="5" name="Pkg.TestingGrouping" time="0.017" errors="0" timestamp="2023-08-25T22:00:44 IST" skipped="0">
  <testcase classname="Pkg.TestingGrouping" name="main1" time="0.011"/>
  <testcase classname="Pkg.TestingGrouping" name="main5" time="0.001"/>
  <testcase classname="Pkg.TestingGrouping" name="main3" time="0.002"/>
  <testcase classname="Pkg.TestingGrouping" name="main4" time="0.001"/>
  <testcase classname="Pkg.TestingGrouping" name="main2" time="0.002"/>
</testsuite> <!-- Pkg.TestingGrouping -->
